<?xml version="1.0" encoding="UTF-8"?>
<!-- Generated by org.testng.reporters.JUnitReportReporter -->
<testsuite hostname="DESKTOP-UGMRBVI" failures="0" tests="1" name="InventoryPage.AddProductToCartTest2" time="5.639" errors="0" timestamp="2025-03-20T16:00:38 IST" skipped="0">
  <testcase classname="InventoryPage.AddProductToCartTest2" name="tc_001_addproductToCart" time="5.639"/>
  <system-out/>
</testsuite> <!-- InventoryPage.AddProductToCartTest2 -->
