<?xml version="1.0" encoding="UTF-8"?>
<!-- Generated by org.testng.reporters.JUnitReportReporter -->
<testsuite hostname="DESKTOP-UGMRBVI" failures="0" tests="3" name="practice.TestngPactice" time="0.013" errors="0" timestamp="2025-03-03T14:39:32 IST" skipped="1">
  <testcase classname="practice.TestngPactice" name="Sample3" time="0.012"/>
  <system-out/>
  <testcase classname="practice.TestngPactice" name="Sample2" time="0.001"/>
  <system-out/>
  <testcase classname="practice.TestngPactice" name="Sample">
    <skipped/>
  </testcase> <!-- Sample -->
  <system-out/>
</testsuite> <!-- practice.TestngPactice -->
