<?xml version="1.0" encoding="UTF-8"?>
<!-- Generated by org.testng.reporters.JUnitReportReporter -->
<testsuite hostname="DESKTOP-UGMRBVI" failures="0" tests="1" name="practice.AssertionPractice" time="0.012" errors="0" timestamp="2025-03-07T12:23:54 IST" skipped="0">
  <testcase classname="practice.AssertionPractice" name="sample" time="0.012"/>
  <system-out/>
</testsuite> <!-- practice.AssertionPractice -->
