<?xml version="1.0" encoding="UTF-8"?>
<!-- Generated by org.testng.reporters.JUnitReportReporter -->
<testsuite hostname="DESKTOP-UGMRBVI" failures="0" tests="1" name="InventoryPage.AddProductToCartTest2" time="1.702" errors="0" timestamp="2025-03-15T11:30:49 IST" skipped="0">
  <testcase classname="InventoryPage.AddProductToCartTest2" name="tc_001_addproductToCart" time="1.702"/>
  <system-out/>
</testsuite> <!-- InventoryPage.AddProductToCartTest2 -->
